a1_odyssey_survey/app/build/intermediates/manifest_merge_blame_file/debug/manifest-merger-blame-debug-report.txt
1<?xml version="1.0" encoding="utf-8"?>
2<manifest xmlns:android="http://schemas.android.com/apk/res/android"
3    package="com.example.odysseysurvey"
4    android:versionCode="1"
5    android:versionName="1.0" >
6
7    <uses-sdk
8        android:minSdkVersion="24"
8-->src/main/AndroidManifest.xml
9        android:targetSdkVersion="33" />
9-->src/main/AndroidManifest.xml
10
11    <permission
11-->[androidx.core:core:1.9.0] AndroidManifest.xml:22:5-24:47
12        android:name="com.example.odysseysurvey.DYNAMIC_RECEIVER_NOT_EXPORTED_PERMISSION"
12-->[androidx.core:core:1.9.0] AndroidManifest.xml:23:9-81
13        android:protectionLevel="signature" />
13-->[androidx.core:core:1.9.0] AndroidManifest.xml:24:9-44
14
15    <uses-permission android:name="com.example.odysseysurvey.DYNAMIC_RECEIVER_NOT_EXPORTED_PERMISSION" />
15-->[androidx.core:core:1.9.0] AndroidManifest.xml:26:5-97
15-->[androidx.core:core:1.9.0] AndroidManifest.xml:26:22-94
16
17    <application
17-->src/main/AndroidManifest.xml:5:5-35:19
18        android:allowBackup="true"
18-->src/main/AndroidManifest.xml:6:9-35
19        android:appComponentFactory="androidx.core.app.CoreComponentFactory"
19-->[androidx.core:core:1.9.0] AndroidManifest.xml:28:18-86
20        android:dataExtractionRules="@xml/data_extraction_rules"
20-->src/main/AndroidManifest.xml:7:9-65
21        android:debuggable="true"
22        android:extractNativeLibs="false"
23        android:fullBackupContent="@xml/backup_rules"
23-->src/main/AndroidManifest.xml:8:9-54
24        android:icon="@mipmap/ic_launcher"
24-->src/main/AndroidManifest.xml:9:9-43
25        android:label="@string/app_name"
25-->src/main/AndroidManifest.xml:10:9-41
26        android:supportsRtl="true"
26-->src/main/AndroidManifest.xml:11:9-35
27        android:testOnly="true"
28        android:theme="@style/Theme.OdysseySurvey" >
28-->src/main/AndroidManifest.xml:12:9-51
29        <activity
29-->src/main/AndroidManifest.xml:15:9-23:20
30            android:name="com.example.odysseysurvey.MainActivity"
30-->src/main/AndroidManifest.xml:16:13-41
31            android:exported="true" >
31-->src/main/AndroidManifest.xml:17:13-36
32            <intent-filter>
32-->src/main/AndroidManifest.xml:18:13-22:29
33                <action android:name="android.intent.action.MAIN" />
33-->src/main/AndroidManifest.xml:19:17-69
33-->src/main/AndroidManifest.xml:19:25-66
34
35                <category android:name="android.intent.category.LAUNCHER" />
35-->src/main/AndroidManifest.xml:21:17-77
35-->src/main/AndroidManifest.xml:21:27-74
36            </intent-filter>
37        </activity>
38        <activity
38-->src/main/AndroidManifest.xml:24:9-34:20
39            android:name="com.example.odysseysurvey.SurveyActivity"
39-->src/main/AndroidManifest.xml:25:13-43
40            android:exported="true"
40-->src/main/AndroidManifest.xml:26:13-36
41            android:label="@string/title_activity_survey"
41-->src/main/AndroidManifest.xml:27:13-58
42            android:theme="@style/Theme.OdysseySurvey.NoActionBar" >
42-->src/main/AndroidManifest.xml:28:13-67
43            <intent-filter>
43-->src/main/AndroidManifest.xml:18:13-22:29
44                <action android:name="android.intent.action.MAIN" />
44-->src/main/AndroidManifest.xml:19:17-69
44-->src/main/AndroidManifest.xml:19:25-66
45
46                <category android:name="android.intent.category.LAUNCHER" />
46-->src/main/AndroidManifest.xml:21:17-77
46-->src/main/AndroidManifest.xml:21:27-74
47            </intent-filter>
48        </activity>
49
50        <uses-library
50-->[androidx.window:window:1.0.0] AndroidManifest.xml:25:9-27:40
51            android:name="androidx.window.extensions"
51-->[androidx.window:window:1.0.0] AndroidManifest.xml:26:13-54
52            android:required="false" />
52-->[androidx.window:window:1.0.0] AndroidManifest.xml:27:13-37
53        <uses-library
53-->[androidx.window:window:1.0.0] AndroidManifest.xml:28:9-30:40
54            android:name="androidx.window.sidecar"
54-->[androidx.window:window:1.0.0] AndroidManifest.xml:29:13-51
55            android:required="false" />
55-->[androidx.window:window:1.0.0] AndroidManifest.xml:30:13-37
56
57        <provider
57-->[androidx.emoji2:emoji2:1.2.0] AndroidManifest.xml:24:9-32:20
58            android:name="androidx.startup.InitializationProvider"
58-->[androidx.emoji2:emoji2:1.2.0] AndroidManifest.xml:25:13-67
59            android:authorities="com.example.odysseysurvey.androidx-startup"
59-->[androidx.emoji2:emoji2:1.2.0] AndroidManifest.xml:26:13-68
60            android:exported="false" >
60-->[androidx.emoji2:emoji2:1.2.0] AndroidManifest.xml:27:13-37
61            <meta-data
61-->[androidx.emoji2:emoji2:1.2.0] AndroidManifest.xml:29:13-31:52
62                android:name="androidx.emoji2.text.EmojiCompatInitializer"
62-->[androidx.emoji2:emoji2:1.2.0] AndroidManifest.xml:30:17-75
63                android:value="androidx.startup" />
63-->[androidx.emoji2:emoji2:1.2.0] AndroidManifest.xml:31:17-49
64            <meta-data
64-->[androidx.lifecycle:lifecycle-process:2.4.1] AndroidManifest.xml:31:13-33:52
65                android:name="androidx.lifecycle.ProcessLifecycleInitializer"
65-->[androidx.lifecycle:lifecycle-process:2.4.1] AndroidManifest.xml:32:17-78
66                android:value="androidx.startup" />
66-->[androidx.lifecycle:lifecycle-process:2.4.1] AndroidManifest.xml:33:17-49
67        </provider>
68    </application>
69
70</manifest>